TN:
SF:src\router.ts
FNF:0
FNH:0
DA:1,2
DA:2,2
DA:10,2
DA:11,2
DA:12,2
DA:16,2
DA:20,2
DA:28,2
DA:31,2
DA:38,2
DA:44,2
DA:50,2
LF:12
LH:12
BRF:0
BRH:0
end_of_record
TN:
SF:src\server.ts
FN:8,connectDB
FN:24,(anonymous_2)
FNF:2
FNH:2
FNDA:3,connectDB
FNDA:1,(anonymous_2)
DA:3,2
DA:4,2
DA:5,2
DA:6,2
DA:8,2
DA:9,3
DA:10,3
DA:11,2
DA:14,1
DA:17,2
DA:19,2
DA:21,2
DA:22,2
DA:24,2
DA:25,1
DA:27,2
LF:16
LH:16
BRF:0
BRH:0
end_of_record
TN:
SF:src\config\db.ts
FNF:0
FNH:0
DA:1,2
DA:2,2
DA:3,2
DA:4,2
DA:9,2
LF:5
LH:5
BRF:0
BRH:0
end_of_record
TN:
SF:src\handlers\product.ts
FN:3,getProducts
FN:12,createProduct
FN:16,getProductById
FN:30,updateProductById
FN:41,updateProductAvailabilityById
FN:55,deleteProductById
FNF:6
FNH:6
FNDA:1,getProducts
FNDA:1,createProduct
FNDA:2,getProductById
FNDA:2,updateProductById
FNDA:2,updateProductAvailabilityById
FNDA:2,deleteProductById
DA:2,2
DA:3,2
DA:4,1
DA:10,1
DA:12,2
DA:13,1
DA:14,1
DA:16,2
DA:17,2
DA:18,2
DA:23,2
DA:24,1
DA:25,1
DA:27,1
DA:30,2
DA:31,2
DA:32,2
DA:33,2
DA:34,1
DA:35,1
DA:37,1
DA:38,1
DA:39,1
DA:41,2
DA:45,2
DA:46,2
DA:47,2
DA:48,1
DA:49,1
DA:51,1
DA:52,1
DA:53,1
DA:55,2
DA:56,2
DA:57,2
DA:58,2
DA:59,1
DA:60,1
DA:62,1
DA:63,1
DA:64,1
LF:41
LH:41
BRDA:23,0,0,1
BRDA:33,1,0,1
BRDA:47,2,0,1
BRDA:58,3,0,1
BRF:4
BRH:4
end_of_record
TN:
SF:src\middleware\index.ts
FN:4,handleProductsValidation
FN:17,(anonymous_1)
FN:22,handleInputErrors
FNF:3
FNH:3
FNDA:7,handleProductsValidation
FNDA:7,(anonymous_1)
FNDA:15,handleInputErrors
DA:1,2
DA:4,2
DA:9,7
DA:13,7
DA:17,7
DA:20,7
DA:22,2
DA:27,15
DA:28,15
DA:29,6
DA:30,6
DA:32,9
LF:12
LH:12
BRDA:28,0,0,6
BRF:1
BRH:1
end_of_record
TN:
SF:src\models\Product.model.ts
FNF:0
FNH:0
DA:1,3
DA:5,3
DA:9,3
DA:13,3
DA:18,3
DA:20,3
LF:6
LH:6
BRF:0
BRH:0
end_of_record
